#
# There is insufficient memory for the Java Runtime Environment to continue.
# Native memory allocation (mmap) failed to map 1073741824 bytes for G1 virtual space
# Possible reasons:
#   The system is out of physical RAM or swap space
#   The process is running with CompressedOops enabled, and the Java Heap may be blocking the growth of the native heap
# Possible solutions:
#   Reduce memory load on the system
#   Increase physical memory or swap space
#   Check if swap backing store is full
#   Decrease Java heap size (-Xmx/-Xms)
#   Decrease number of Java threads
#   Decrease Java thread stack sizes (-Xss)
#   Set larger code cache with -XX:ReservedCodeCacheSize=
#   JVM is running with Zero Based Compressed Oops mode in which the Java heap is
#     placed in the first 32GB address space. The Java Heap base address is the
#     maximum limit for the native heap growth. Please use -XX:HeapBaseMinAddress
#     to set the Java Heap base and to place the Java Heap above 32GB virtual address.
# This output file may be truncated or incomplete.
#
#  Out of Memory Error (os_windows.cpp:3548), pid=4732, tid=13424
#
# JRE version:  (17.0.10+11) (build )
# Java VM: Java HotSpot(TM) 64-Bit Server VM (17.0.10+11-LTS-240, mixed mode, sharing, tiered, compressed oops, compressed class ptrs, g1 gc, windows-amd64)
# No core dump will be written. Minidumps are not enabled by default on client versions of Windows
#

---------------  S U M M A R Y ------------

Command Line: 

Host: AMD Ryzen 7 3700X 8-Core Processor             , 16 cores, 63G,  Windows 10 , 64 bit Build 19041 (10.0.19041.4957)
Time: Wed Oct 23 23:07:35 2024 Pacific Daylight Time elapsed time: 0.006303 seconds (0d 0h 0m 0s)

---------------  T H R E A D  ---------------

Current thread (0x000002cf0c8586d0):  JavaThread "Unknown thread" [_thread_in_vm, id=13424, stack(0x000000d7e7e00000,0x000000d7e7f00000)]

Stack: [0x000000d7e7e00000,0x000000d7e7f00000]
Native frames: (J=compiled Java code, j=interpreted, Vv=VM code, C=native code)
V  [jvm.dll+0x677a5a]
V  [jvm.dll+0x7d8b2d]
V  [jvm.dll+0x7da48e]
V  [jvm.dll+0x7daaf3]
V  [jvm.dll+0x2455ff]
V  [jvm.dll+0x6749b9]
V  [jvm.dll+0x669382]
V  [jvm.dll+0x302e96]
V  [jvm.dll+0x30a416]
V  [jvm.dll+0x359cbe]
V  [jvm.dll+0x359eef]
V  [jvm.dll+0x2d9e88]
V  [jvm.dll+0x2dadf4]
V  [jvm.dll+0x7aa551]
V  [jvm.dll+0x367911]
V  [jvm.dll+0x789639]
V  [jvm.dll+0x3eb30f]
V  [jvm.dll+0x3ecd91]
C  [jli.dll+0x5297]
C  [ucrtbase.dll+0x21bb2]
C  [KERNEL32.DLL+0x17374]
C  [ntdll.dll+0x4cc91]


---------------  P R O C E S S  ---------------

Threads class SMR info:
_java_thread_list=0x00007ffb47ad6a18, length=0, elements={
}

Java Threads: ( => current thread )

Other Threads:
  0x000002cf49950820 GCTaskThread "GC Thread#0" [stack: 0x000000d7e7f00000,0x000000d7e8000000] [id=54120]
  0x000002cf0c91a130 ConcurrentGCThread "G1 Main Marker" [stack: 0x000000d7e8000000,0x000000d7e8100000] [id=47448]
  0x000002cf0c91b1f0 ConcurrentGCThread "G1 Conc#0" [stack: 0x000000d7e8100000,0x000000d7e8200000] [id=32316]

[error occurred during error reporting (printing all threads), id 0xc0000005, EXCEPTION_ACCESS_VIOLATION (0xc0000005) at pc=0x00007ffb4730aae7]

VM state: not at safepoint (not fully initialized)

VM Mutex/Monitor currently owned by a thread:  ([mutex/lock_event])
[0x000002cf0c855240] Heap_lock - owner thread: 0x000002cf0c8586d0

Heap address: 0x0000000401000000, size: 16368 MB, Compressed Oops mode: Zero based, Oop shift amount: 3

CDS archive(s) mapped at: [0x0000000000000000-0x0000000000000000-0x0000000000000000), size 0, SharedBaseAddress: 0x0000000800000000, ArchiveRelocationMode: 1.
Narrow klass base: 0x0000000000000000, Narrow klass shift: 0, Narrow klass range: 0x0

GC Precious Log:
<Empty>

Heap:
 garbage-first heap   total 0K, used 0K [0x0000000401000000, 0x0000000800000000)
  region size 8192K, 0 young (0K), 0 survivors (0K)

[error occurred during error reporting (printing heap information), id 0xc0000005, EXCEPTION_ACCESS_VIOLATION (0xc0000005) at pc=0x00007ffb476f1249]

GC Heap History (0 events):
No events

Deoptimization events (0 events):
No events

Classes unloaded (0 events):
No events

Classes redefined (0 events):
No events

Internal exceptions (0 events):
No events

VM Operations (0 events):
No events

Events (1 events):
Event: 0.003 Loaded shared library C:\Program Files\Java\jdk-17\bin\java.dll


Dynamic libraries:
0x00007ff7c7700000 - 0x00007ff7c7710000 	C:\Program Files\Java\jdk-17\bin\java.exe
0x00007ffb83070000 - 0x00007ffb83268000 	C:\Windows\SYSTEM32\ntdll.dll
0x00007ffb81bc0000 - 0x00007ffb81c82000 	C:\Windows\System32\KERNEL32.DLL
0x00007ffb80810000 - 0x00007ffb80b0e000 	C:\Windows\System32\KERNELBASE.dll
0x00007ffb80c40000 - 0x00007ffb80d40000 	C:\Windows\System32\ucrtbase.dll
0x00007ffb76580000 - 0x00007ffb76599000 	C:\Program Files\Java\jdk-17\bin\jli.dll
0x00007ffb7d840000 - 0x00007ffb7d85b000 	C:\Program Files\Java\jdk-17\bin\VCRUNTIME140.dll
0x00007ffb82ba0000 - 0x00007ffb82c52000 	C:\Windows\System32\ADVAPI32.dll
0x00007ffb82910000 - 0x00007ffb829ae000 	C:\Windows\System32\msvcrt.dll
0x00007ffb82d30000 - 0x00007ffb82dd0000 	C:\Windows\System32\sechost.dll
0x00007ffb813c0000 - 0x00007ffb814e3000 	C:\Windows\System32\RPCRT4.dll
0x00007ffb80f40000 - 0x00007ffb80f67000 	C:\Windows\System32\bcrypt.dll
0x00007ffb81550000 - 0x00007ffb816ed000 	C:\Windows\System32\USER32.dll
0x00007ffb80b10000 - 0x00007ffb80b32000 	C:\Windows\System32\win32u.dll
0x00007ffb69490000 - 0x00007ffb6972a000 	C:\Windows\WinSxS\amd64_microsoft.windows.common-controls_6595b64144ccf1df_6.0.19041.4355_none_60b8b9eb71f62e16\COMCTL32.dll
0x00007ffb828e0000 - 0x00007ffb8290b000 	C:\Windows\System32\GDI32.dll
0x00007ffb80f70000 - 0x00007ffb81087000 	C:\Windows\System32\gdi32full.dll
0x00007ffb80d40000 - 0x00007ffb80ddd000 	C:\Windows\System32\msvcp_win.dll
0x00007ffb7d5b0000 - 0x00007ffb7d5ba000 	C:\Windows\SYSTEM32\VERSION.dll
0x00007ffb81830000 - 0x00007ffb8185f000 	C:\Windows\System32\IMM32.DLL
0x00007ffb7d880000 - 0x00007ffb7d88c000 	C:\Program Files\Java\jdk-17\bin\vcruntime140_1.dll
0x00007ffb66ad0000 - 0x00007ffb66b5e000 	C:\Program Files\Java\jdk-17\bin\msvcp140.dll
0x00007ffb47020000 - 0x00007ffb47bff000 	C:\Program Files\Java\jdk-17\bin\server\jvm.dll
0x00007ffb82d20000 - 0x00007ffb82d28000 	C:\Windows\System32\PSAPI.DLL
0x00007ffb6ed70000 - 0x00007ffb6ed97000 	C:\Windows\SYSTEM32\WINMM.dll
0x00007ffb7dd60000 - 0x00007ffb7dd69000 	C:\Windows\SYSTEM32\WSOCK32.dll
0x00007ffb81c90000 - 0x00007ffb81cfb000 	C:\Windows\System32\WS2_32.dll
0x00007ffb7e5b0000 - 0x00007ffb7e5c2000 	C:\Windows\SYSTEM32\kernel.appcore.dll
0x00007ffb7d7f0000 - 0x00007ffb7d7fa000 	C:\Program Files\Java\jdk-17\bin\jimage.dll
0x00007ffb6f3b0000 - 0x00007ffb6f594000 	C:\Windows\SYSTEM32\DBGHELP.DLL
0x00007ffb6f000000 - 0x00007ffb6f034000 	C:\Windows\SYSTEM32\dbgcore.DLL
0x00007ffb80710000 - 0x00007ffb80792000 	C:\Windows\System32\bcryptPrimitives.dll
0x00007ffb6b8c0000 - 0x00007ffb6b8e5000 	C:\Program Files\Java\jdk-17\bin\java.dll

dbghelp: loaded successfully - version: 4.0.5 - missing functions: none
symbol engine: initialized successfully - sym options: 0x614 - pdb path: .;C:\Program Files\Java\jdk-17\bin;C:\Windows\SYSTEM32;C:\Windows\WinSxS\amd64_microsoft.windows.common-controls_6595b64144ccf1df_6.0.19041.4355_none_60b8b9eb71f62e16;C:\Program Files\Java\jdk-17\bin\server

VM Arguments:
java_command: <unknown>
java_class_path (initial): <not set>
Launcher Type: SUN_STANDARD

[Global flags]
     intx CICompilerCount                          = 12                                        {product} {ergonomic}
     uint ConcGCThreads                            = 3                                         {product} {ergonomic}
     uint G1ConcRefinementThreads                  = 13                                        {product} {ergonomic}
   size_t G1HeapRegionSize                         = 8388608                                   {product} {ergonomic}
    uintx GCDrainStackTargetSize                   = 64                                        {product} {ergonomic}
   size_t InitialHeapSize                          = 1073741824                                {product} {ergonomic}
   size_t MarkStackSize                            = 4194304                                   {product} {ergonomic}
   size_t MaxHeapSize                              = 17163091968                               {product} {ergonomic}
   size_t MinHeapDeltaBytes                        = 8388608                                   {product} {ergonomic}
   size_t MinHeapSize                              = 8388608                                   {product} {ergonomic}
    uintx NonNMethodCodeHeapSize                   = 7602480                                {pd product} {ergonomic}
    uintx NonProfiledCodeHeapSize                  = 122027880                              {pd product} {ergonomic}
    uintx ProfiledCodeHeapSize                     = 122027880                              {pd product} {ergonomic}
    uintx ReservedCodeCacheSize                    = 251658240                              {pd product} {ergonomic}
     bool SegmentedCodeCache                       = true                                      {product} {ergonomic}
   size_t SoftMaxHeapSize                          = 17163091968                            {manageable} {ergonomic}
     bool UseCompressedClassPointers               = true                           {product lp64_product} {ergonomic}
     bool UseCompressedOops                        = true                           {product lp64_product} {ergonomic}
     bool UseG1GC                                  = true                                      {product} {ergonomic}
     bool UseLargePagesIndividualAllocation        = false                                  {pd product} {ergonomic}

Logging:
Log output configuration:
 #0: stdout all=warning uptime,level,tags
 #1: stderr all=off uptime,level,tags

Environment Variables:
PATH=D:\STAR\NEW\Nursing\node_modules\.bin;D:\STAR\NEW\Nursing\node_modules\.bin;D:\STAR\NEW\node_modules\.bin;D:\STAR\node_modules\.bin;D:\node_modules\.bin;C:\Users\root\AppData\Roaming\nvm\v20.11.1\node_modules\npm\node_modules\@npmcli\run-script\lib\node-gyp-bin;D:\STAR\NEW\Nursing\node_modules\.bin;D:\STAR\NEW\node_modules\.bin;D:\STAR\node_modules\.bin;D:\node_modules\.bin;C:\Users\root\AppData\Roaming\nvm\v20.11.1\node_modules\npm\node_modules\@npmcli\run-script\lib\node-gyp-bin;C:\Program Files (x86)\VMware\VMware Player\bin\;C:\ffmpeg\bin;C:\Program Files\Common Files\Oracle\Java\javapath;C:\Ruby32-x64\bin;C:\Windows\system32;C:\Windows;C:\Windows\System32\Wbem;C:\Windows\System32\WindowsPowerShell\v1.0\;C:\Windows\System32\OpenSSH\;C:\Program Files\Git\cmd;C:\Users\root\AppData\Roaming\nvm;C:\Program Files\nodejs;C:\Program Files (x86)\Bitvise SSH Client;C:\Program Files\Microsoft VS Code\bin;C:\ProgramData\chocolatey\bin;C:\Program Files\Microsoft SQL Server\150\Tools\Binn\;C:\Program Files\Microsoft SQL Server\Client SDK\ODBC\170\Tools\Binn\;C:\Program Files\dotnet\;C:\Program Files (x86)\Windows Kits\10\Windows Performance Toolkit\;C:\Program Files\CMake\bin;C:\Program Files\Git LFS;C:\Users\gold\AppData\Local\Programs\Python\Python312\Scripts\;C:\Users\gold\AppData\Local\Programs\Python\Python312\;C:\Users\gold\AppData\Local\Programs\Python\Launcher\;C:\Users\gold\AppData\Local\Microsoft\WindowsApps;C:\Users\gold\AppData\Local\Programs\Microsoft VS Code\bin;C:\Users\gold\AppData\Local\GitHubDesktop\bin;C:\Use;C:\Program Files\Go\bin;C:\Users\star\AppData\Local\Android\Sdk\tools;C:\Users\star\AppData\Local\Android\Sdk\tools;C:\Users\star\AppData\Local\Microsoft\WindowsApps;C:\Program Files\nodejs;C:\Users\star\AppData\Local\Android\Sdk;C:\Users\star\AppData\Local\Android\Sdk\platform-tools;C:\Program Files\Java\jdk-17\bin;
USERNAME=star
LANG=en_US.UTF-8
OS=Windows_NT
PROCESSOR_IDENTIFIER=AMD64 Family 23 Model 113 Stepping 0, AuthenticAMD



---------------  S Y S T E M  ---------------

OS:
 Windows 10 , 64 bit Build 19041 (10.0.19041.4957)
OS uptime: 9 days 20:02 hours

CPU: total 16 (initial active 16) (16 cores per cpu, 2 threads per core) family 23 model 113 stepping 0 microcode 0x0, cx8, cmov, fxsr, ht, mmx, 3dnowpref, sse, sse2, sse3, ssse3, sse4a, sse4.1, sse4.2, popcnt, lzcnt, tsc, tscinvbit, avx, avx2, aes, clmul, bmi1, bmi2, adx, sha, fma, vzeroupper, clflush, clflushopt

Memory: 4k page, system-wide physical 65457M (22520M free)
TotalPageFile size 69457M (AvailPageFile size 842M)
current process WorkingSet (physical memory assigned to process): 11M, peak: 11M
current process commit charge ("private bytes"): 71M, peak: 1095M

vm_info: Java HotSpot(TM) 64-Bit Server VM (17.0.10+11-LTS-240) for windows-amd64 JRE (17.0.10+11-LTS-240), built on Dec 19 2023 21:47:25 by "mach5one" with MS VC++ 17.1 (VS2022)

END.
